<!DOCTYPE html PUBLIC "-//W3C//DTD XHTML 1.1//EN" "https://www.w3.org/TR/xhtml11/DTD/xhtml11.dtd">
<html xmlns="https://www.w3.org/1999/xhtml">
<head>
<meta http-equiv="content-type" content="text/html; charset=UTF-8"/>
<title>TestNG Report</title>
<style type="text/css">table {margin-bottom:10px;border-collapse:collapse;empty-cells:show}th,td {border:1px solid #009;padding:.25em .5em}th {vertical-align:bottom}td {vertical-align:top}table a {font-weight:bold}.stripe td {background-color: #E6EBF9}.num {text-align:right}.passedodd td {background-color: #3F3}.passedeven td {background-color: #0A0}.skippedodd td {background-color: #DDD}.skippedeven td {background-color: #CCC}.failedodd td,.attn {background-color: #F33}.failedeven td,.stripe .attn {background-color: #D00}.stacktrace {white-space:pre;font-family:monospace}.totop {font-size:85%;text-align:center;border-bottom:2px solid #000}.invisible {display:none}</style>
</head>
<body>
<table>
<tr><th>Test</th><th># Passed</th><th># Skipped</th><th># Retried</th><th># Failed</th><th>Time (ms)</th><th>Included Groups</th><th>Excluded Groups</th></tr>
<tr><th colspan="8">tests.Tests</th></tr>
<tr><td><a href="#t0">Command line test</a></td><td class="num">0</td><td class="num attn">5</td><td class="num">0</td><td class="num">0</td><td class="num">63.734</td><td></td><td></td></tr>
</table>
<table id='summary'><thead><tr><th>Class</th><th>Method</th><th>Start</th><th>Time (ms)</th></tr></thead><tbody><tr><th colspan="4">tests.Tests</th></tr></tbody><tbody id="t0"><tr><th colspan="4">Command line test &#8212; failed (configuration methods)</th></tr><tr class="failedeven"><td rowspan="1">tests.Tests</td><td><a href="#m0">setUp</a></td><td rowspan="1">1621450909141</td><td rowspan="1">63667</td></tr><tr><th colspan="4">Command line test &#8212; skipped (configuration methods)</th></tr><tr class="skippedeven"><td rowspan="9">tests.Tests</td><td><a href="#m1">setUp</a></td><td rowspan="4">1621450972825</td><td rowspan="4">-1621450972825</td></tr><tr class="skippedeven"><td><a href="#m2">setUp</a></td></tr><tr class="skippedeven"><td><a href="#m3">setUp</a></td></tr><tr class="skippedeven"><td><a href="#m4">setUp</a></td></tr><tr class="skippedeven"><td><a href="#m5">tearDown</a></td><td rowspan="5">1621450972819</td><td rowspan="5">-1621450972819</td></tr><tr class="skippedeven"><td><a href="#m6">tearDown</a></td></tr><tr class="skippedeven"><td><a href="#m7">tearDown</a></td></tr><tr class="skippedeven"><td><a href="#m8">tearDown</a></td></tr><tr class="skippedeven"><td><a href="#m9">tearDown</a></td></tr><tr><th colspan="4">Command line test &#8212; skipped</th></tr><tr class="skippedeven"><td rowspan="5">tests.Tests</td><td><a href="#m10">pruebaCantidadDeCampos</a></td><td rowspan="1">1621450972817</td><td rowspan="1">0</td></tr><tr class="skippedeven"><td><a href="#m11">pruebaDos</a></td><td rowspan="1">1621450972821</td><td rowspan="1">0</td></tr><tr class="skippedeven"><td><a href="#m12">pruebaTituloEnUsuario</a></td><td rowspan="1">1621450972822</td><td rowspan="1">0</td></tr><tr class="skippedeven"><td><a href="#m13">pruebaTres</a></td><td rowspan="1">1621450972824</td><td rowspan="1">0</td></tr><tr class="skippedeven"><td><a href="#m14">pruebaUno</a></td><td rowspan="1">1621450972826</td><td rowspan="1">0</td></tr></tbody>
</table>
<h2>Command line test</h2><h3 id="m0">tests.Tests#setUp</h3><table class="result"><tr><th>Exception</th></tr><tr><td><div class="stacktrace">org.openqa.selenium.WebDriverException: chrome not reachable
Build info: version: &apos;3.141.59&apos;, revision: &apos;e82be7d358&apos;, time: &apos;2018-11-14T08:17:03&apos;
System info: host: &apos;W10BOOKCORDEROA&apos;, ip: &apos;172.24.48.18&apos;, os.name: &apos;Windows 10&apos;, os.arch: &apos;amd64&apos;, os.version: &apos;10.0&apos;, java.version: &apos;1.8.0_291&apos;
Driver info: driver.version: ChromeDriver
remote stacktrace: Backtrace:
	Ordinal0 [0x00C0C013+2474003]
	Ordinal0 [0x00BA29C1+2042305]
	Ordinal0 [0x00AB2E30+1060400]
	Ordinal0 [0x00AA7743+1013571]
	Ordinal0 [0x00AD1282+1184386]
	Ordinal0 [0x00ACD600+1168896]
	Ordinal0 [0x00ACAA83+1157763]
	Ordinal0 [0x00AFA2A2+1352354]
	Ordinal0 [0x00AF8FAA+1347498]
	Ordinal0 [0x00AF66DB+1337051]
	Ordinal0 [0x00AD3427+1192999]
	Ordinal0 [0x00AD42EE+1196782]
	Ordinal0 [0x00AD4279+1196665]
	GetHandleVerifier [0x00D996FC+1590332]
	GetHandleVerifier [0x00E48614+2306900]
	GetHandleVerifier [0x00C99E93+543699]
	GetHandleVerifier [0x00C992CE+540686]
	Ordinal0 [0x00BA86BA+2066106]
	Ordinal0 [0x00BAD1C8+2085320]
	Ordinal0 [0x00BAD308+2085640]
	Ordinal0 [0x00BB67F3+2123763]
	BaseThreadInitThunk [0x76858654+36]
	RtlGetAppContainerNamedObjectPath [0x771B4A47+311]
	RtlGetAppContainerNamedObjectPath [0x771B4A17+263]

	at org.openqa.selenium.remote.W3CHandshakeResponse.lambda$errorHandler$0(W3CHandshakeResponse.java:62)
	at org.openqa.selenium.remote.HandshakeResponse.lambda$getResponseFunction$0(HandshakeResponse.java:30)
	at org.openqa.selenium.remote.ProtocolHandshake.lambda$createSession$0(ProtocolHandshake.java:126)
	at java.util.stream.ReferencePipeline$3$1.accept(Unknown Source)
	at java.util.Spliterators$ArraySpliterator.tryAdvance(Unknown Source)
	at java.util.stream.ReferencePipeline.forEachWithCancel(Unknown Source)
	at java.util.stream.AbstractPipeline.copyIntoWithCancel(Unknown Source)
	at java.util.stream.AbstractPipeline.copyInto(Unknown Source)
	at java.util.stream.AbstractPipeline.wrapAndCopyInto(Unknown Source)
	at java.util.stream.FindOps$FindOp.evaluateSequential(Unknown Source)
	at java.util.stream.AbstractPipeline.evaluate(Unknown Source)
	at java.util.stream.ReferencePipeline.findFirst(Unknown Source)
	at org.openqa.selenium.remote.ProtocolHandshake.createSession(ProtocolHandshake.java:128)
	at org.openqa.selenium.remote.ProtocolHandshake.createSession(ProtocolHandshake.java:74)
	at org.openqa.selenium.remote.HttpCommandExecutor.execute(HttpCommandExecutor.java:136)
	at org.openqa.selenium.remote.service.DriverCommandExecutor.execute(DriverCommandExecutor.java:83)
	at org.openqa.selenium.remote.RemoteWebDriver.execute(RemoteWebDriver.java:552)
	at org.openqa.selenium.remote.RemoteWebDriver.startSession(RemoteWebDriver.java:213)
	at org.openqa.selenium.remote.RemoteWebDriver.&lt;init&gt;(RemoteWebDriver.java:131)
	at org.openqa.selenium.chrome.ChromeDriver.&lt;init&gt;(ChromeDriver.java:181)
	at org.openqa.selenium.chrome.ChromeDriver.&lt;init&gt;(ChromeDriver.java:168)
	at org.openqa.selenium.chrome.ChromeDriver.&lt;init&gt;(ChromeDriver.java:157)
	at tests.Tests.setUp(Tests.java:36)
	at java.util.ArrayList.forEach(Unknown Source)
... Removed 44 stack frames</div></td></tr></table><p class="totop"><a href="#summary">back to summary</a></p>
<h3 id="m1">tests.Tests#setUp</h3><table class="result"><tr><th class="invisible"/></tr></table><p class="totop"><a href="#summary">back to summary</a></p>
<h3 id="m2">tests.Tests#setUp</h3><table class="result"><tr><th class="invisible"/></tr></table><p class="totop"><a href="#summary">back to summary</a></p>
<h3 id="m3">tests.Tests#setUp</h3><table class="result"><tr><th class="invisible"/></tr></table><p class="totop"><a href="#summary">back to summary</a></p>
<h3 id="m4">tests.Tests#setUp</h3><table class="result"><tr><th class="invisible"/></tr></table><p class="totop"><a href="#summary">back to summary</a></p>
<h3 id="m5">tests.Tests#tearDown</h3><table class="result"><tr><th class="invisible"/></tr></table><p class="totop"><a href="#summary">back to summary</a></p>
<h3 id="m6">tests.Tests#tearDown</h3><table class="result"><tr><th class="invisible"/></tr></table><p class="totop"><a href="#summary">back to summary</a></p>
<h3 id="m7">tests.Tests#tearDown</h3><table class="result"><tr><th class="invisible"/></tr></table><p class="totop"><a href="#summary">back to summary</a></p>
<h3 id="m8">tests.Tests#tearDown</h3><table class="result"><tr><th class="invisible"/></tr></table><p class="totop"><a href="#summary">back to summary</a></p>
<h3 id="m9">tests.Tests#tearDown</h3><table class="result"><tr><th class="invisible"/></tr></table><p class="totop"><a href="#summary">back to summary</a></p>
<h3 id="m10">tests.Tests#pruebaCantidadDeCampos</h3><table class="result"><tr><th>Exception</th></tr><tr><td><div class="stacktrace">org.openqa.selenium.WebDriverException: chrome not reachable
Build info: version: &apos;3.141.59&apos;, revision: &apos;e82be7d358&apos;, time: &apos;2018-11-14T08:17:03&apos;
System info: host: &apos;W10BOOKCORDEROA&apos;, ip: &apos;172.24.48.18&apos;, os.name: &apos;Windows 10&apos;, os.arch: &apos;amd64&apos;, os.version: &apos;10.0&apos;, java.version: &apos;1.8.0_291&apos;
Driver info: driver.version: ChromeDriver
remote stacktrace: Backtrace:
	Ordinal0 [0x00C0C013+2474003]
	Ordinal0 [0x00BA29C1+2042305]
	Ordinal0 [0x00AB2E30+1060400]
	Ordinal0 [0x00AA7743+1013571]
	Ordinal0 [0x00AD1282+1184386]
	Ordinal0 [0x00ACD600+1168896]
	Ordinal0 [0x00ACAA83+1157763]
	Ordinal0 [0x00AFA2A2+1352354]
	Ordinal0 [0x00AF8FAA+1347498]
	Ordinal0 [0x00AF66DB+1337051]
	Ordinal0 [0x00AD3427+1192999]
	Ordinal0 [0x00AD42EE+1196782]
	Ordinal0 [0x00AD4279+1196665]
	GetHandleVerifier [0x00D996FC+1590332]
	GetHandleVerifier [0x00E48614+2306900]
	GetHandleVerifier [0x00C99E93+543699]
	GetHandleVerifier [0x00C992CE+540686]
	Ordinal0 [0x00BA86BA+2066106]
	Ordinal0 [0x00BAD1C8+2085320]
	Ordinal0 [0x00BAD308+2085640]
	Ordinal0 [0x00BB67F3+2123763]
	BaseThreadInitThunk [0x76858654+36]
	RtlGetAppContainerNamedObjectPath [0x771B4A47+311]
	RtlGetAppContainerNamedObjectPath [0x771B4A17+263]

	at org.openqa.selenium.remote.W3CHandshakeResponse.lambda$errorHandler$0(W3CHandshakeResponse.java:62)
	at org.openqa.selenium.remote.HandshakeResponse.lambda$getResponseFunction$0(HandshakeResponse.java:30)
	at org.openqa.selenium.remote.ProtocolHandshake.lambda$createSession$0(ProtocolHandshake.java:126)
	at java.util.stream.ReferencePipeline$3$1.accept(Unknown Source)
	at java.util.Spliterators$ArraySpliterator.tryAdvance(Unknown Source)
	at java.util.stream.ReferencePipeline.forEachWithCancel(Unknown Source)
	at java.util.stream.AbstractPipeline.copyIntoWithCancel(Unknown Source)
	at java.util.stream.AbstractPipeline.copyInto(Unknown Source)
	at java.util.stream.AbstractPipeline.wrapAndCopyInto(Unknown Source)
	at java.util.stream.FindOps$FindOp.evaluateSequential(Unknown Source)
	at java.util.stream.AbstractPipeline.evaluate(Unknown Source)
	at java.util.stream.ReferencePipeline.findFirst(Unknown Source)
	at org.openqa.selenium.remote.ProtocolHandshake.createSession(ProtocolHandshake.java:128)
	at org.openqa.selenium.remote.ProtocolHandshake.createSession(ProtocolHandshake.java:74)
	at org.openqa.selenium.remote.HttpCommandExecutor.execute(HttpCommandExecutor.java:136)
	at org.openqa.selenium.remote.service.DriverCommandExecutor.execute(DriverCommandExecutor.java:83)
	at org.openqa.selenium.remote.RemoteWebDriver.execute(RemoteWebDriver.java:552)
	at org.openqa.selenium.remote.RemoteWebDriver.startSession(RemoteWebDriver.java:213)
	at org.openqa.selenium.remote.RemoteWebDriver.&lt;init&gt;(RemoteWebDriver.java:131)
	at org.openqa.selenium.chrome.ChromeDriver.&lt;init&gt;(ChromeDriver.java:181)
	at org.openqa.selenium.chrome.ChromeDriver.&lt;init&gt;(ChromeDriver.java:168)
	at org.openqa.selenium.chrome.ChromeDriver.&lt;init&gt;(ChromeDriver.java:157)
	at tests.Tests.setUp(Tests.java:36)
	at java.util.ArrayList.forEach(Unknown Source)
... Removed 44 stack frames</div></td></tr></table><p class="totop"><a href="#summary">back to summary</a></p>
<h3 id="m11">tests.Tests#pruebaDos</h3><table class="result"><tr><th>Exception</th></tr><tr><td><div class="stacktrace">org.openqa.selenium.WebDriverException: chrome not reachable
Build info: version: &apos;3.141.59&apos;, revision: &apos;e82be7d358&apos;, time: &apos;2018-11-14T08:17:03&apos;
System info: host: &apos;W10BOOKCORDEROA&apos;, ip: &apos;172.24.48.18&apos;, os.name: &apos;Windows 10&apos;, os.arch: &apos;amd64&apos;, os.version: &apos;10.0&apos;, java.version: &apos;1.8.0_291&apos;
Driver info: driver.version: ChromeDriver
remote stacktrace: Backtrace:
	Ordinal0 [0x00C0C013+2474003]
	Ordinal0 [0x00BA29C1+2042305]
	Ordinal0 [0x00AB2E30+1060400]
	Ordinal0 [0x00AA7743+1013571]
	Ordinal0 [0x00AD1282+1184386]
	Ordinal0 [0x00ACD600+1168896]
	Ordinal0 [0x00ACAA83+1157763]
	Ordinal0 [0x00AFA2A2+1352354]
	Ordinal0 [0x00AF8FAA+1347498]
	Ordinal0 [0x00AF66DB+1337051]
	Ordinal0 [0x00AD3427+1192999]
	Ordinal0 [0x00AD42EE+1196782]
	Ordinal0 [0x00AD4279+1196665]
	GetHandleVerifier [0x00D996FC+1590332]
	GetHandleVerifier [0x00E48614+2306900]
	GetHandleVerifier [0x00C99E93+543699]
	GetHandleVerifier [0x00C992CE+540686]
	Ordinal0 [0x00BA86BA+2066106]
	Ordinal0 [0x00BAD1C8+2085320]
	Ordinal0 [0x00BAD308+2085640]
	Ordinal0 [0x00BB67F3+2123763]
	BaseThreadInitThunk [0x76858654+36]
	RtlGetAppContainerNamedObjectPath [0x771B4A47+311]
	RtlGetAppContainerNamedObjectPath [0x771B4A17+263]

	at org.openqa.selenium.remote.W3CHandshakeResponse.lambda$errorHandler$0(W3CHandshakeResponse.java:62)
	at org.openqa.selenium.remote.HandshakeResponse.lambda$getResponseFunction$0(HandshakeResponse.java:30)
	at org.openqa.selenium.remote.ProtocolHandshake.lambda$createSession$0(ProtocolHandshake.java:126)
	at java.util.stream.ReferencePipeline$3$1.accept(Unknown Source)
	at java.util.Spliterators$ArraySpliterator.tryAdvance(Unknown Source)
	at java.util.stream.ReferencePipeline.forEachWithCancel(Unknown Source)
	at java.util.stream.AbstractPipeline.copyIntoWithCancel(Unknown Source)
	at java.util.stream.AbstractPipeline.copyInto(Unknown Source)
	at java.util.stream.AbstractPipeline.wrapAndCopyInto(Unknown Source)
	at java.util.stream.FindOps$FindOp.evaluateSequential(Unknown Source)
	at java.util.stream.AbstractPipeline.evaluate(Unknown Source)
	at java.util.stream.ReferencePipeline.findFirst(Unknown Source)
	at org.openqa.selenium.remote.ProtocolHandshake.createSession(ProtocolHandshake.java:128)
	at org.openqa.selenium.remote.ProtocolHandshake.createSession(ProtocolHandshake.java:74)
	at org.openqa.selenium.remote.HttpCommandExecutor.execute(HttpCommandExecutor.java:136)
	at org.openqa.selenium.remote.service.DriverCommandExecutor.execute(DriverCommandExecutor.java:83)
	at org.openqa.selenium.remote.RemoteWebDriver.execute(RemoteWebDriver.java:552)
	at org.openqa.selenium.remote.RemoteWebDriver.startSession(RemoteWebDriver.java:213)
	at org.openqa.selenium.remote.RemoteWebDriver.&lt;init&gt;(RemoteWebDriver.java:131)
	at org.openqa.selenium.chrome.ChromeDriver.&lt;init&gt;(ChromeDriver.java:181)
	at org.openqa.selenium.chrome.ChromeDriver.&lt;init&gt;(ChromeDriver.java:168)
	at org.openqa.selenium.chrome.ChromeDriver.&lt;init&gt;(ChromeDriver.java:157)
	at tests.Tests.setUp(Tests.java:36)
	at java.util.ArrayList.forEach(Unknown Source)
... Removed 44 stack frames</div></td></tr></table><p class="totop"><a href="#summary">back to summary</a></p>
<h3 id="m12">tests.Tests#pruebaTituloEnUsuario</h3><table class="result"><tr><th>Exception</th></tr><tr><td><div class="stacktrace">org.openqa.selenium.WebDriverException: chrome not reachable
Build info: version: &apos;3.141.59&apos;, revision: &apos;e82be7d358&apos;, time: &apos;2018-11-14T08:17:03&apos;
System info: host: &apos;W10BOOKCORDEROA&apos;, ip: &apos;172.24.48.18&apos;, os.name: &apos;Windows 10&apos;, os.arch: &apos;amd64&apos;, os.version: &apos;10.0&apos;, java.version: &apos;1.8.0_291&apos;
Driver info: driver.version: ChromeDriver
remote stacktrace: Backtrace:
	Ordinal0 [0x00C0C013+2474003]
	Ordinal0 [0x00BA29C1+2042305]
	Ordinal0 [0x00AB2E30+1060400]
	Ordinal0 [0x00AA7743+1013571]
	Ordinal0 [0x00AD1282+1184386]
	Ordinal0 [0x00ACD600+1168896]
	Ordinal0 [0x00ACAA83+1157763]
	Ordinal0 [0x00AFA2A2+1352354]
	Ordinal0 [0x00AF8FAA+1347498]
	Ordinal0 [0x00AF66DB+1337051]
	Ordinal0 [0x00AD3427+1192999]
	Ordinal0 [0x00AD42EE+1196782]
	Ordinal0 [0x00AD4279+1196665]
	GetHandleVerifier [0x00D996FC+1590332]
	GetHandleVerifier [0x00E48614+2306900]
	GetHandleVerifier [0x00C99E93+543699]
	GetHandleVerifier [0x00C992CE+540686]
	Ordinal0 [0x00BA86BA+2066106]
	Ordinal0 [0x00BAD1C8+2085320]
	Ordinal0 [0x00BAD308+2085640]
	Ordinal0 [0x00BB67F3+2123763]
	BaseThreadInitThunk [0x76858654+36]
	RtlGetAppContainerNamedObjectPath [0x771B4A47+311]
	RtlGetAppContainerNamedObjectPath [0x771B4A17+263]

	at org.openqa.selenium.remote.W3CHandshakeResponse.lambda$errorHandler$0(W3CHandshakeResponse.java:62)
	at org.openqa.selenium.remote.HandshakeResponse.lambda$getResponseFunction$0(HandshakeResponse.java:30)
	at org.openqa.selenium.remote.ProtocolHandshake.lambda$createSession$0(ProtocolHandshake.java:126)
	at java.util.stream.ReferencePipeline$3$1.accept(Unknown Source)
	at java.util.Spliterators$ArraySpliterator.tryAdvance(Unknown Source)
	at java.util.stream.ReferencePipeline.forEachWithCancel(Unknown Source)
	at java.util.stream.AbstractPipeline.copyIntoWithCancel(Unknown Source)
	at java.util.stream.AbstractPipeline.copyInto(Unknown Source)
	at java.util.stream.AbstractPipeline.wrapAndCopyInto(Unknown Source)
	at java.util.stream.FindOps$FindOp.evaluateSequential(Unknown Source)
	at java.util.stream.AbstractPipeline.evaluate(Unknown Source)
	at java.util.stream.ReferencePipeline.findFirst(Unknown Source)
	at org.openqa.selenium.remote.ProtocolHandshake.createSession(ProtocolHandshake.java:128)
	at org.openqa.selenium.remote.ProtocolHandshake.createSession(ProtocolHandshake.java:74)
	at org.openqa.selenium.remote.HttpCommandExecutor.execute(HttpCommandExecutor.java:136)
	at org.openqa.selenium.remote.service.DriverCommandExecutor.execute(DriverCommandExecutor.java:83)
	at org.openqa.selenium.remote.RemoteWebDriver.execute(RemoteWebDriver.java:552)
	at org.openqa.selenium.remote.RemoteWebDriver.startSession(RemoteWebDriver.java:213)
	at org.openqa.selenium.remote.RemoteWebDriver.&lt;init&gt;(RemoteWebDriver.java:131)
	at org.openqa.selenium.chrome.ChromeDriver.&lt;init&gt;(ChromeDriver.java:181)
	at org.openqa.selenium.chrome.ChromeDriver.&lt;init&gt;(ChromeDriver.java:168)
	at org.openqa.selenium.chrome.ChromeDriver.&lt;init&gt;(ChromeDriver.java:157)
	at tests.Tests.setUp(Tests.java:36)
	at java.util.ArrayList.forEach(Unknown Source)
... Removed 44 stack frames</div></td></tr></table><p class="totop"><a href="#summary">back to summary</a></p>
<h3 id="m13">tests.Tests#pruebaTres</h3><table class="result"><tr><th>Exception</th></tr><tr><td><div class="stacktrace">org.openqa.selenium.WebDriverException: chrome not reachable
Build info: version: &apos;3.141.59&apos;, revision: &apos;e82be7d358&apos;, time: &apos;2018-11-14T08:17:03&apos;
System info: host: &apos;W10BOOKCORDEROA&apos;, ip: &apos;172.24.48.18&apos;, os.name: &apos;Windows 10&apos;, os.arch: &apos;amd64&apos;, os.version: &apos;10.0&apos;, java.version: &apos;1.8.0_291&apos;
Driver info: driver.version: ChromeDriver
remote stacktrace: Backtrace:
	Ordinal0 [0x00C0C013+2474003]
	Ordinal0 [0x00BA29C1+2042305]
	Ordinal0 [0x00AB2E30+1060400]
	Ordinal0 [0x00AA7743+1013571]
	Ordinal0 [0x00AD1282+1184386]
	Ordinal0 [0x00ACD600+1168896]
	Ordinal0 [0x00ACAA83+1157763]
	Ordinal0 [0x00AFA2A2+1352354]
	Ordinal0 [0x00AF8FAA+1347498]
	Ordinal0 [0x00AF66DB+1337051]
	Ordinal0 [0x00AD3427+1192999]
	Ordinal0 [0x00AD42EE+1196782]
	Ordinal0 [0x00AD4279+1196665]
	GetHandleVerifier [0x00D996FC+1590332]
	GetHandleVerifier [0x00E48614+2306900]
	GetHandleVerifier [0x00C99E93+543699]
	GetHandleVerifier [0x00C992CE+540686]
	Ordinal0 [0x00BA86BA+2066106]
	Ordinal0 [0x00BAD1C8+2085320]
	Ordinal0 [0x00BAD308+2085640]
	Ordinal0 [0x00BB67F3+2123763]
	BaseThreadInitThunk [0x76858654+36]
	RtlGetAppContainerNamedObjectPath [0x771B4A47+311]
	RtlGetAppContainerNamedObjectPath [0x771B4A17+263]

	at org.openqa.selenium.remote.W3CHandshakeResponse.lambda$errorHandler$0(W3CHandshakeResponse.java:62)
	at org.openqa.selenium.remote.HandshakeResponse.lambda$getResponseFunction$0(HandshakeResponse.java:30)
	at org.openqa.selenium.remote.ProtocolHandshake.lambda$createSession$0(ProtocolHandshake.java:126)
	at java.util.stream.ReferencePipeline$3$1.accept(Unknown Source)
	at java.util.Spliterators$ArraySpliterator.tryAdvance(Unknown Source)
	at java.util.stream.ReferencePipeline.forEachWithCancel(Unknown Source)
	at java.util.stream.AbstractPipeline.copyIntoWithCancel(Unknown Source)
	at java.util.stream.AbstractPipeline.copyInto(Unknown Source)
	at java.util.stream.AbstractPipeline.wrapAndCopyInto(Unknown Source)
	at java.util.stream.FindOps$FindOp.evaluateSequential(Unknown Source)
	at java.util.stream.AbstractPipeline.evaluate(Unknown Source)
	at java.util.stream.ReferencePipeline.findFirst(Unknown Source)
	at org.openqa.selenium.remote.ProtocolHandshake.createSession(ProtocolHandshake.java:128)
	at org.openqa.selenium.remote.ProtocolHandshake.createSession(ProtocolHandshake.java:74)
	at org.openqa.selenium.remote.HttpCommandExecutor.execute(HttpCommandExecutor.java:136)
	at org.openqa.selenium.remote.service.DriverCommandExecutor.execute(DriverCommandExecutor.java:83)
	at org.openqa.selenium.remote.RemoteWebDriver.execute(RemoteWebDriver.java:552)
	at org.openqa.selenium.remote.RemoteWebDriver.startSession(RemoteWebDriver.java:213)
	at org.openqa.selenium.remote.RemoteWebDriver.&lt;init&gt;(RemoteWebDriver.java:131)
	at org.openqa.selenium.chrome.ChromeDriver.&lt;init&gt;(ChromeDriver.java:181)
	at org.openqa.selenium.chrome.ChromeDriver.&lt;init&gt;(ChromeDriver.java:168)
	at org.openqa.selenium.chrome.ChromeDriver.&lt;init&gt;(ChromeDriver.java:157)
	at tests.Tests.setUp(Tests.java:36)
	at java.util.ArrayList.forEach(Unknown Source)
... Removed 44 stack frames</div></td></tr></table><p class="totop"><a href="#summary">back to summary</a></p>
<h3 id="m14">tests.Tests#pruebaUno</h3><table class="result"><tr><th>Exception</th></tr><tr><td><div class="stacktrace">org.openqa.selenium.WebDriverException: chrome not reachable
Build info: version: &apos;3.141.59&apos;, revision: &apos;e82be7d358&apos;, time: &apos;2018-11-14T08:17:03&apos;
System info: host: &apos;W10BOOKCORDEROA&apos;, ip: &apos;172.24.48.18&apos;, os.name: &apos;Windows 10&apos;, os.arch: &apos;amd64&apos;, os.version: &apos;10.0&apos;, java.version: &apos;1.8.0_291&apos;
Driver info: driver.version: ChromeDriver
remote stacktrace: Backtrace:
	Ordinal0 [0x00C0C013+2474003]
	Ordinal0 [0x00BA29C1+2042305]
	Ordinal0 [0x00AB2E30+1060400]
	Ordinal0 [0x00AA7743+1013571]
	Ordinal0 [0x00AD1282+1184386]
	Ordinal0 [0x00ACD600+1168896]
	Ordinal0 [0x00ACAA83+1157763]
	Ordinal0 [0x00AFA2A2+1352354]
	Ordinal0 [0x00AF8FAA+1347498]
	Ordinal0 [0x00AF66DB+1337051]
	Ordinal0 [0x00AD3427+1192999]
	Ordinal0 [0x00AD42EE+1196782]
	Ordinal0 [0x00AD4279+1196665]
	GetHandleVerifier [0x00D996FC+1590332]
	GetHandleVerifier [0x00E48614+2306900]
	GetHandleVerifier [0x00C99E93+543699]
	GetHandleVerifier [0x00C992CE+540686]
	Ordinal0 [0x00BA86BA+2066106]
	Ordinal0 [0x00BAD1C8+2085320]
	Ordinal0 [0x00BAD308+2085640]
	Ordinal0 [0x00BB67F3+2123763]
	BaseThreadInitThunk [0x76858654+36]
	RtlGetAppContainerNamedObjectPath [0x771B4A47+311]
	RtlGetAppContainerNamedObjectPath [0x771B4A17+263]

	at org.openqa.selenium.remote.W3CHandshakeResponse.lambda$errorHandler$0(W3CHandshakeResponse.java:62)
	at org.openqa.selenium.remote.HandshakeResponse.lambda$getResponseFunction$0(HandshakeResponse.java:30)
	at org.openqa.selenium.remote.ProtocolHandshake.lambda$createSession$0(ProtocolHandshake.java:126)
	at java.util.stream.ReferencePipeline$3$1.accept(Unknown Source)
	at java.util.Spliterators$ArraySpliterator.tryAdvance(Unknown Source)
	at java.util.stream.ReferencePipeline.forEachWithCancel(Unknown Source)
	at java.util.stream.AbstractPipeline.copyIntoWithCancel(Unknown Source)
	at java.util.stream.AbstractPipeline.copyInto(Unknown Source)
	at java.util.stream.AbstractPipeline.wrapAndCopyInto(Unknown Source)
	at java.util.stream.FindOps$FindOp.evaluateSequential(Unknown Source)
	at java.util.stream.AbstractPipeline.evaluate(Unknown Source)
	at java.util.stream.ReferencePipeline.findFirst(Unknown Source)
	at org.openqa.selenium.remote.ProtocolHandshake.createSession(ProtocolHandshake.java:128)
	at org.openqa.selenium.remote.ProtocolHandshake.createSession(ProtocolHandshake.java:74)
	at org.openqa.selenium.remote.HttpCommandExecutor.execute(HttpCommandExecutor.java:136)
	at org.openqa.selenium.remote.service.DriverCommandExecutor.execute(DriverCommandExecutor.java:83)
	at org.openqa.selenium.remote.RemoteWebDriver.execute(RemoteWebDriver.java:552)
	at org.openqa.selenium.remote.RemoteWebDriver.startSession(RemoteWebDriver.java:213)
	at org.openqa.selenium.remote.RemoteWebDriver.&lt;init&gt;(RemoteWebDriver.java:131)
	at org.openqa.selenium.chrome.ChromeDriver.&lt;init&gt;(ChromeDriver.java:181)
	at org.openqa.selenium.chrome.ChromeDriver.&lt;init&gt;(ChromeDriver.java:168)
	at org.openqa.selenium.chrome.ChromeDriver.&lt;init&gt;(ChromeDriver.java:157)
	at tests.Tests.setUp(Tests.java:36)
	at java.util.ArrayList.forEach(Unknown Source)
... Removed 44 stack frames</div></td></tr></table><p class="totop"><a href="#summary">back to summary</a></p>
</body>
</html>
